<<<<<<< HEAD
[13:52:08] [INIT] KubeJS 2001.6.5-build.16; MC 2001 forge
[13:52:08] [INIT] Loaded plugins:
[13:52:08] [INIT] - dev.latvian.mods.kubejs.forge.BuiltinKubeJSForgePlugin
[13:52:08] [INIT] - dev.latvian.mods.kubejs.forge.BuiltinKubeJSForgeClientPlugin
[13:52:08] [INIT] - com.lowdragmc.lowdraglib.kjs.LDLibKubeJSPlugin
[13:52:08] [INIT] - dev.ftb.mods.ftbxmodcompat.ftbquests.kubejs.KubeJSIntegration
[13:52:08] [INIT] - dev.ftb.mods.ftbxmodcompat.ftbchunks.kubejs.FTBChunksKubeJSPlugin
[13:52:08] [INIT] - dev.ftb.mods.ftbxmodcompat.ftbteams.kubejs.FTBTeamsKubeJSPlugin
[13:52:08] [INIT] - com.probejs.ProbeJSPlugin
[13:52:08] [INIT] - com.gregtechceu.gtceu.integration.kjs.GregTechKubeJSPlugin
[13:52:08] [INFO] example.js#5: Hello, World! (Loaded client scripts)
[13:52:08] [INFO] Loaded script client_scripts:example.js in 0.002 s
[13:52:08] [INFO] Loaded 1/1 KubeJS client scripts in 0.015 s with 0 errors and 0 warnings
[13:52:14] [INFO] Client resource reload complete!
=======
[09:17:26] [INIT] KubeJS 2001.6.5-build.16; MC 2001 forge
[09:17:26] [INIT] Loaded plugins:
[09:17:26] [INIT] - dev.latvian.mods.kubejs.forge.BuiltinKubeJSForgePlugin
[09:17:26] [INIT] - dev.latvian.mods.kubejs.forge.BuiltinKubeJSForgeClientPlugin
[09:17:26] [INIT] - com.lowdragmc.lowdraglib.kjs.LDLibKubeJSPlugin
[09:17:26] [INIT] - dev.ftb.mods.ftbxmodcompat.ftbquests.kubejs.KubeJSIntegration
[09:17:26] [INIT] - dev.ftb.mods.ftbxmodcompat.ftbchunks.kubejs.FTBChunksKubeJSPlugin
[09:17:26] [INIT] - dev.ftb.mods.ftbxmodcompat.ftbteams.kubejs.FTBTeamsKubeJSPlugin
[09:17:26] [INIT] - com.probejs.ProbeJSPlugin
[09:17:26] [INIT] - com.gregtechceu.gtceu.integration.kjs.GregTechKubeJSPlugin
[09:17:26] [INFO] example.js#5: Hello, World! (Loaded client scripts)
[09:17:26] [INFO] Loaded script client_scripts:example.js in 0.002 s
[09:17:26] [INFO] Loaded 1/1 KubeJS client scripts in 0.023 s with 0 errors and 0 warnings
[09:17:33] [INFO] Client resource reload complete!
>>>>>>> parent of a58826d (8 time net 0)
