[14:40:07] [INIT] KubeJS 2001.6.5-build.14; MC 2001 forge
[14:40:07] [INIT] Loaded plugins:
[14:40:07] [INIT] - dev.latvian.mods.kubejs.forge.BuiltinKubeJSForgePlugin
[14:40:07] [INIT] - dev.latvian.mods.kubejs.forge.BuiltinKubeJSForgeClientPlugin
[14:40:07] [INIT] - com.gregtechceu.gtceu.integration.kjs.GregTechKubeJSPlugin
[14:40:07] [INIT] - com.lowdragmc.lowdraglib.kjs.LDLibKubeJSPlugin
[14:40:07] [INIT] - dev.ftb.mods.ftbxmodcompat.ftbquests.kubejs.KubeJSIntegration
[14:40:07] [INIT] - dev.ftb.mods.ftbxmodcompat.ftbchunks.kubejs.FTBChunksKubeJSPlugin
[14:40:07] [INIT] - dev.ftb.mods.ftbxmodcompat.ftbteams.kubejs.FTBTeamsKubeJSPlugin
[14:40:07] [INIT] - moe.wolfgirl.probejs.plugin.BuiltinProbeJSPlugin
[14:40:07] [INFO] example.js#5: Hello, World! (Loaded server scripts)
[14:40:07] [INFO] Loaded script server_scripts:example.js in 0.008 s
[14:40:07] [INFO] Loaded 1/1 KubeJS server scripts in 0.015 s with 0 errors and 0 warnings
[14:40:07] [INFO] Scripts loaded
[14:40:07] [INFO] Initializing recipe event...
[14:40:09] [INFO] Processing recipes...
[14:40:10] [INFO] Found 36613 recipes in 475.9 ms
[14:40:10] [INFO] Posted recipe events in 44.87 ms
[14:40:10] [INFO] Added 4 recipes, removed 4 recipes, modified 0 recipes, with 0 failed recipes in 624.6 ms
[14:40:11] [INFO] Server resource reload complete!
