<<<<<<< HEAD
[13:52:06] [INIT] KubeJS 2001.6.5-build.16; MC 2001 forge
[13:52:06] [INIT] Loaded plugins:
[13:52:06] [INIT] - dev.latvian.mods.kubejs.forge.BuiltinKubeJSForgePlugin
[13:52:06] [INIT] - dev.latvian.mods.kubejs.forge.BuiltinKubeJSForgeClientPlugin
[13:52:06] [INIT] - com.lowdragmc.lowdraglib.kjs.LDLibKubeJSPlugin
[13:52:06] [INIT] - dev.ftb.mods.ftbxmodcompat.ftbquests.kubejs.KubeJSIntegration
[13:52:06] [INIT] - dev.ftb.mods.ftbxmodcompat.ftbchunks.kubejs.FTBChunksKubeJSPlugin
[13:52:06] [INIT] - dev.ftb.mods.ftbxmodcompat.ftbteams.kubejs.FTBTeamsKubeJSPlugin
[13:52:06] [INIT] - com.probejs.ProbeJSPlugin
[13:52:06] [INIT] - com.gregtechceu.gtceu.integration.kjs.GregTechKubeJSPlugin
[13:52:08] [INFO] example.js#5: Hello, World! (Loaded startup scripts)
[13:52:08] [INFO] Loaded script startup_scripts:example.js in 0.062 s
[13:52:08] [INFO] Loaded script startup_scripts:gtceu.js in 0.004 s
[13:52:08] [INFO] Loaded 2/2 KubeJS startup scripts in 1.276 s with 0 errors and 0 warnings
=======
[09:17:25] [INIT] KubeJS 2001.6.5-build.16; MC 2001 forge
[09:17:25] [INIT] Loaded plugins:
[09:17:25] [INIT] - dev.latvian.mods.kubejs.forge.BuiltinKubeJSForgePlugin
[09:17:25] [INIT] - dev.latvian.mods.kubejs.forge.BuiltinKubeJSForgeClientPlugin
[09:17:25] [INIT] - com.lowdragmc.lowdraglib.kjs.LDLibKubeJSPlugin
[09:17:25] [INIT] - dev.ftb.mods.ftbxmodcompat.ftbquests.kubejs.KubeJSIntegration
[09:17:25] [INIT] - dev.ftb.mods.ftbxmodcompat.ftbchunks.kubejs.FTBChunksKubeJSPlugin
[09:17:25] [INIT] - dev.ftb.mods.ftbxmodcompat.ftbteams.kubejs.FTBTeamsKubeJSPlugin
[09:17:25] [INIT] - com.probejs.ProbeJSPlugin
[09:17:25] [INIT] - com.gregtechceu.gtceu.integration.kjs.GregTechKubeJSPlugin
[09:17:26] [INFO] example.js#5: Hello, World! (Loaded startup scripts)
[09:17:26] [INFO] Loaded script startup_scripts:example.js in 0.064 s
[09:17:26] [INFO] Loaded script startup_scripts:gtceu.js in 0.005 s
[09:17:26] [INFO] Loaded 2/2 KubeJS startup scripts in 1.296 s with 0 errors and 0 warnings
>>>>>>> parent of a58826d (8 time net 0)
