[14:26:47] [main/INFO]: ModLauncher running: args [--username, arifmini64, --version, forge-47.3.0, --gameDir, C:\Users\arifv\curseforge\minecraft\Instances\1.20.1 v2, --assetsDir, C:\Users\arifv\curseforge\minecraft\Install\assets, --assetIndex, 5, --uuid, f8f1bbe6f1cf43e8bda93c183c4bcbc3, --accessToken, ????????, --clientId, YzhhNDU5MTctNWViMS00MzdjLWIyNDItNWU4NWUzMmU2ZTUx, --xuid, 2535422421823277, --userType, msa, --versionType, release, --width, 1024, --height, 768, --quickPlayPath, C:\Users\arifv\curseforge\minecraft\Install\quickPlay\java\1721719605116.json, --launchTarget, forgeclient, --fml.forgeVersion, 47.3.0, --fml.mcVersion, 1.20.1, --fml.forgeGroup, net.minecraftforge, --fml.mcpVersion, 20230612.114412]
[14:26:47] [main/INFO]: ModLauncher 10.0.9+10.0.9+main.dcd20f30 starting: java version 17.0.8 by Microsoft; OS Windows 11 arch amd64 version 10.0
[14:26:47] [main/WARN]: Configuration file C:\Users\arifv\curseforge\minecraft\Instances\1.20.1 v2\config\fml.toml is not correct. Correcting
[14:26:47] [main/INFO]: Incorrect key [earlyWindowSkipGLVersions] was corrected from null to []
[14:26:47] [main/INFO]: Incorrect key [earlyWindowSquir] was corrected from null to false
[14:26:47] [main/INFO]: Incorrect key [earlyWindowShowCPU] was corrected from null to false
[14:26:47] [main/INFO]: Loading ImmediateWindowProvider fmlearlywindow
[14:26:47] [main/INFO]: Trying GL version 4.6
[14:26:47] [main/INFO]: Requested GL version 4.6 got version 4.6
[14:26:48] [main/INFO]: SpongePowered MIXIN Subsystem Version=0.8.5 Source=union:/C:/Users/arifv/curseforge/minecraft/Install/libraries/org/spongepowered/mixin/0.8.5/mixin-0.8.5.jar%23100!/ Service=ModLauncher Env=CLIENT
[14:26:48] [main/INFO]: Found mod file gtec-1.20.1-0.1.0-final.jar of type MOD with provider {mods folder locator at C:\Users\arifv\curseforge\minecraft\Instances\1.20.1 v2\mods}
[14:26:48] [main/INFO]: Found mod file steamadditions-1.1.jar of type MOD with provider {mods folder locator at C:\Users\arifv\curseforge\minecraft\Instances\1.20.1 v2\mods}
[14:26:48] [pool-2-thread-1/INFO]: GL info: NVIDIA GeForce RTX 4050 Laptop GPU/PCIe/SSE2 GL version 4.6.0 NVIDIA 546.83, NVIDIA Corporation
[14:26:48] [main/WARN]: Mod file C:\Users\arifv\curseforge\minecraft\Install\libraries\net\minecraftforge\fmlcore\1.20.1-47.3.0\fmlcore-1.20.1-47.3.0.jar is missing mods.toml file
[14:26:48] [main/WARN]: Mod file C:\Users\arifv\curseforge\minecraft\Install\libraries\net\minecraftforge\javafmllanguage\1.20.1-47.3.0\javafmllanguage-1.20.1-47.3.0.jar is missing mods.toml file
[14:26:48] [main/WARN]: Mod file C:\Users\arifv\curseforge\minecraft\Install\libraries\net\minecraftforge\lowcodelanguage\1.20.1-47.3.0\lowcodelanguage-1.20.1-47.3.0.jar is missing mods.toml file
[14:26:48] [main/WARN]: Mod file C:\Users\arifv\curseforge\minecraft\Install\libraries\net\minecraftforge\mclanguage\1.20.1-47.3.0\mclanguage-1.20.1-47.3.0.jar is missing mods.toml file
[14:26:48] [main/INFO]: Found mod file fmlcore-1.20.1-47.3.0.jar of type LIBRARY with provider net.minecraftforge.fml.loading.moddiscovery.MinecraftLocator@4e8e8621
[14:26:48] [main/INFO]: Found mod file javafmllanguage-1.20.1-47.3.0.jar of type LANGPROVIDER with provider net.minecraftforge.fml.loading.moddiscovery.MinecraftLocator@4e8e8621
[14:26:48] [main/INFO]: Found mod file lowcodelanguage-1.20.1-47.3.0.jar of type LANGPROVIDER with provider net.minecraftforge.fml.loading.moddiscovery.MinecraftLocator@4e8e8621
[14:26:48] [main/INFO]: Found mod file mclanguage-1.20.1-47.3.0.jar of type LANGPROVIDER with provider net.minecraftforge.fml.loading.moddiscovery.MinecraftLocator@4e8e8621
[14:26:48] [main/INFO]: Found mod file client-1.20.1-20230612.114412-srg.jar of type MOD with provider net.minecraftforge.fml.loading.moddiscovery.MinecraftLocator@4e8e8621
[14:26:48] [main/INFO]: Found mod file forge-1.20.1-47.3.0-universal.jar of type MOD with provider net.minecraftforge.fml.loading.moddiscovery.MinecraftLocator@4e8e8621
[14:26:48] [main/INFO]: No dependencies to load found. Skipping!
[14:26:48] [main/ERROR]: Missing or unsupported mandatory dependencies:
	Mod ID: 'gtceu', Requested by: 'steamadditions', Expected range: '[1.0.16,)', Actual version: '[MISSING]'
	Mod ID: 'gtceu', Requested by: 'gtec', Expected range: '[1.0.16,)', Actual version: '[MISSING]'
[14:26:49] [main/INFO]: Launching target 'forgeclient' with arguments [--version, forge-47.3.0, --gameDir, C:\Users\arifv\curseforge\minecraft\Instances\1.20.1 v2, --assetsDir, C:\Users\arifv\curseforge\minecraft\Install\assets, --uuid, f8f1bbe6f1cf43e8bda93c183c4bcbc3, --username, arifmini64, --assetIndex, 5, --accessToken, ????????, --clientId, YzhhNDU5MTctNWViMS00MzdjLWIyNDItNWU4NWUzMmU2ZTUx, --xuid, 2535422421823277, --userType, msa, --versionType, release, --width, 1024, --height, 768, --quickPlayPath, C:\Users\arifv\curseforge\minecraft\Install\quickPlay\java\1721719605116.json]
[14:26:53] [Datafixer Bootstrap/INFO]: 188 Datafixer optimizations took 98 milliseconds
[14:26:54] [Render thread/WARN]: Assets URL 'union:/C:/Users/arifv/curseforge/minecraft/Install/libraries/net/minecraft/client/1.20.1-20230612.114412/client-1.20.1-20230612.114412-srg.jar%23160!/assets/.mcassetsroot' uses unexpected schema
[14:26:54] [Render thread/WARN]: Assets URL 'union:/C:/Users/arifv/curseforge/minecraft/Install/libraries/net/minecraft/client/1.20.1-20230612.114412/client-1.20.1-20230612.114412-srg.jar%23160!/data/.mcassetsroot' uses unexpected schema
[14:26:54] [Render thread/INFO]: Environment: authHost='https://authserver.mojang.com', accountsHost='https://api.mojang.com', sessionHost='https://sessionserver.mojang.com', servicesHost='https://api.minecraftservices.com', name='PROD'
[14:26:55] [Render thread/INFO]: Setting user: arifmini64
[14:26:55] [Render thread/INFO]: Backend library: LWJGL version 3.3.1 build 7
[14:26:55] [Render thread/FATAL]: Error during pre-loading phase
net.minecraftforge.fml.ModLoadingException: Mod §esteamadditions§r requires §6gtceu§r §o1.0.16 or above§r
§7Currently, §6gtceu§r§7 is §o§nnot installed
	at net.minecraftforge.fml.ModLoadingException.lambda$fromEarlyException$0(ModLoadingException.java:50) ~[fmlcore-1.20.1-47.3.0.jar%23161!/:?]
	at java.util.stream.ReferencePipeline$3$1.accept(ReferencePipeline.java:197) ~[?:?]
	at java.util.AbstractList$RandomAccessSpliterator.forEachRemaining(AbstractList.java:720) ~[?:?]
	at java.util.stream.AbstractPipeline.copyInto(AbstractPipeline.java:509) ~[?:?]
	at java.util.stream.AbstractPipeline.wrapAndCopyInto(AbstractPipeline.java:499) ~[?:?]
	at java.util.stream.ForEachOps$ForEachOp.evaluateSequential(ForEachOps.java:150) ~[?:?]
	at java.util.stream.ForEachOps$ForEachOp$OfRef.evaluateSequential(ForEachOps.java:173) ~[?:?]
	at java.util.stream.AbstractPipeline.evaluate(AbstractPipeline.java:234) ~[?:?]
	at java.util.stream.ReferencePipeline.forEach(ReferencePipeline.java:596) ~[?:?]
	at java.util.stream.ReferencePipeline$7$1.accept(ReferencePipeline.java:276) ~[?:?]
	at java.util.ArrayList$ArrayListSpliterator.forEachRemaining(ArrayList.java:1625) ~[?:?]
	at java.util.stream.AbstractPipeline.copyInto(AbstractPipeline.java:509) ~[?:?]
	at java.util.stream.AbstractPipeline.wrapAndCopyInto(AbstractPipeline.java:499) ~[?:?]
	at java.util.stream.ReduceOps$ReduceOp.evaluateSequential(ReduceOps.java:921) ~[?:?]
	at java.util.stream.AbstractPipeline.evaluate(AbstractPipeline.java:234) ~[?:?]
	at java.util.stream.ReferencePipeline.collect(ReferencePipeline.java:682) ~[?:?]
	at net.minecraftforge.fml.ModLoader.<init>(ModLoader.java:96) ~[fmlcore-1.20.1-47.3.0.jar%23161!/:?]
	at net.minecraftforge.fml.ModLoader.get(ModLoader.java:128) ~[fmlcore-1.20.1-47.3.0.jar%23161!/:?]
	at net.minecraftforge.client.loading.ClientModLoader.lambda$begin$1(ClientModLoader.java:69) ~[forge-1.20.1-47.3.0-universal.jar%23165!/:?]
	at net.minecraftforge.client.loading.ClientModLoader.lambda$createRunnableWithCatch$4(ClientModLoader.java:89) ~[forge-1.20.1-47.3.0-universal.jar%23165!/:?]
	at net.minecraftforge.client.loading.ClientModLoader.begin(ClientModLoader.java:69) ~[forge-1.20.1-47.3.0-universal.jar%23165!/:?]
	at net.minecraft.client.Minecraft.<init>(Minecraft.java:459) ~[client-1.20.1-20230612.114412-srg.jar%23160!/:?]
	at net.minecraft.client.main.Main.main(Main.java:182) ~[forge-47.3.0.jar:?]
	at jdk.internal.reflect.NativeMethodAccessorImpl.invoke0(Native Method) ~[?:?]
	at jdk.internal.reflect.NativeMethodAccessorImpl.invoke(NativeMethodAccessorImpl.java:77) ~[?:?]
	at jdk.internal.reflect.DelegatingMethodAccessorImpl.invoke(DelegatingMethodAccessorImpl.java:43) ~[?:?]
	at java.lang.reflect.Method.invoke(Method.java:568) ~[?:?]
	at net.minecraftforge.fml.loading.targets.CommonLaunchHandler.runTarget(CommonLaunchHandler.java:111) ~[fmlloader-1.20.1-47.3.0.jar:?]
	at net.minecraftforge.fml.loading.targets.CommonLaunchHandler.clientService(CommonLaunchHandler.java:99) ~[fmlloader-1.20.1-47.3.0.jar:?]
	at net.minecraftforge.fml.loading.targets.CommonClientLaunchHandler.lambda$makeService$0(CommonClientLaunchHandler.java:25) ~[fmlloader-1.20.1-47.3.0.jar:?]
	at cpw.mods.modlauncher.LaunchServiceHandlerDecorator.launch(LaunchServiceHandlerDecorator.java:30) ~[modlauncher-10.0.9.jar:?]
	at cpw.mods.modlauncher.LaunchServiceHandler.launch(LaunchServiceHandler.java:53) ~[modlauncher-10.0.9.jar:?]
	at cpw.mods.modlauncher.LaunchServiceHandler.launch(LaunchServiceHandler.java:71) ~[modlauncher-10.0.9.jar:?]
	at cpw.mods.modlauncher.Launcher.run(Launcher.java:108) ~[modlauncher-10.0.9.jar:?]
	at cpw.mods.modlauncher.Launcher.main(Launcher.java:78) ~[modlauncher-10.0.9.jar:?]
	at cpw.mods.modlauncher.BootstrapLaunchConsumer.accept(BootstrapLaunchConsumer.java:26) ~[modlauncher-10.0.9.jar:?]
	at cpw.mods.modlauncher.BootstrapLaunchConsumer.accept(BootstrapLaunchConsumer.java:23) ~[modlauncher-10.0.9.jar:?]
	at cpw.mods.bootstraplauncher.BootstrapLauncher.main(BootstrapLauncher.java:141) ~[bootstraplauncher-1.1.2.jar:?]
[14:26:55] [Render thread/ERROR]: Cowardly refusing to send event net.minecraftforge.client.event.sound.SoundEngineLoadEvent to a broken mod state
[14:26:55] [Render thread/ERROR]: Cowardly refusing to send event net.minecraftforge.client.event.RegisterColorHandlersEvent$Block to a broken mod state
[14:26:55] [Render thread/ERROR]: Cowardly refusing to send event net.minecraftforge.client.event.RegisterColorHandlersEvent$Item to a broken mod state
[14:26:55] [Render thread/ERROR]: Cowardly refusing to send event net.minecraftforge.client.event.RenderLevelStageEvent$RegisterStageEvent to a broken mod state
[14:26:55] [Render thread/ERROR]: Cowardly refusing to send event net.minecraftforge.client.event.RegisterParticleProvidersEvent to a broken mod state
[14:26:56] [Render thread/ERROR]: Cowardly refusing to send event net.minecraftforge.client.event.RegisterClientReloadListenersEvent to a broken mod state
[14:26:56] [Render thread/ERROR]: Cowardly refusing to send event net.minecraftforge.client.event.EntityRenderersEvent$RegisterLayerDefinitions to a broken mod state
[14:26:56] [Render thread/ERROR]: Cowardly refusing to send event net.minecraftforge.client.event.EntityRenderersEvent$RegisterRenderers to a broken mod state
[14:26:56] [Render thread/ERROR]: Cowardly refusing to send event net.minecraftforge.client.event.RegisterTextureAtlasSpriteLoadersEvent to a broken mod state
[14:26:56] [Render thread/ERROR]: Cowardly refusing to send event net.minecraftforge.client.event.RegisterClientTooltipComponentFactoriesEvent to a broken mod state
[14:26:56] [Render thread/ERROR]: Cowardly refusing to send event net.minecraftforge.client.event.RegisterEntitySpectatorShadersEvent to a broken mod state
[14:26:56] [Render thread/ERROR]: Cowardly refusing to send event net.minecraftforge.client.event.RegisterKeyMappingsEvent to a broken mod state
[14:26:56] [Render thread/ERROR]: Cowardly refusing to send event net.minecraftforge.client.event.RegisterRecipeBookCategoriesEvent to a broken mod state
[14:26:56] [Render thread/ERROR]: Cowardly refusing to send event net.minecraftforge.client.event.RegisterGuiOverlaysEvent to a broken mod state
[14:26:56] [Render thread/ERROR]: Cowardly refusing to send event net.minecraftforge.client.event.RegisterDimensionSpecialEffectsEvent to a broken mod state
[14:26:56] [Render thread/ERROR]: Cowardly refusing to send event net.minecraftforge.client.event.RegisterNamedRenderTypesEvent to a broken mod state
[14:26:56] [Render thread/ERROR]: Cowardly refusing to send event net.minecraftforge.client.event.RegisterColorHandlersEvent$ColorResolvers to a broken mod state
[14:26:56] [Render thread/ERROR]: Cowardly refusing to send event net.minecraftforge.client.event.RegisterItemDecorationsEvent to a broken mod state
[14:26:56] [Render thread/ERROR]: Cowardly refusing to send event net.minecraftforge.client.event.RegisterPresetEditorsEvent to a broken mod state
[14:26:56] [Render thread/INFO]: Reloading ResourceManager: vanilla
[14:26:56] [Render thread/ERROR]: Cowardly refusing to send event net.minecraftforge.client.event.ModelEvent$RegisterGeometryLoaders to a broken mod state
[14:26:56] [Worker-Main-13/INFO]: Found unifont_all_no_pua-15.0.06.hex, loading
[14:26:56] [Worker-Main-3/ERROR]: Cowardly refusing to send event net.minecraftforge.client.event.ModelEvent$RegisterAdditional to a broken mod state
[14:26:57] [Worker-Main-3/ERROR]: Cowardly refusing to send event net.minecraftforge.client.event.ModelEvent$ModifyBakingResult to a broken mod state
[14:26:57] [Render thread/WARN]: Missing sound for event: minecraft:item.goat_horn.play
[14:26:57] [Render thread/WARN]: Missing sound for event: minecraft:entity.goat.screaming.horn_break
[14:26:58] [Render thread/INFO]: OpenAL initialized on device OpenAL Soft on Speakers (Realtek(R) Audio)
[14:26:58] [Render thread/INFO]: Sound engine started
[14:26:58] [Render thread/ERROR]: Cowardly refusing to send event net.minecraftforge.client.event.sound.SoundEngineLoadEvent to a broken mod state
[14:26:58] [Render thread/INFO]: Created: 1024x512x4 minecraft:textures/atlas/blocks.png-atlas
[14:26:58] [Render thread/ERROR]: Cowardly refusing to send event net.minecraftforge.client.event.TextureStitchEvent$Post to a broken mod state
[14:26:58] [Render thread/INFO]: Created: 256x256x4 minecraft:textures/atlas/signs.png-atlas
[14:26:58] [Render thread/ERROR]: Cowardly refusing to send event net.minecraftforge.client.event.TextureStitchEvent$Post to a broken mod state
[14:26:58] [Render thread/INFO]: Created: 512x512x4 minecraft:textures/atlas/shield_patterns.png-atlas
[14:26:58] [Render thread/ERROR]: Cowardly refusing to send event net.minecraftforge.client.event.TextureStitchEvent$Post to a broken mod state
[14:26:58] [Render thread/INFO]: Created: 512x512x4 minecraft:textures/atlas/banner_patterns.png-atlas
[14:26:58] [Render thread/ERROR]: Cowardly refusing to send event net.minecraftforge.client.event.TextureStitchEvent$Post to a broken mod state
[14:26:58] [Render thread/INFO]: Created: 1024x1024x4 minecraft:textures/atlas/armor_trims.png-atlas
[14:26:58] [Render thread/ERROR]: Cowardly refusing to send event net.minecraftforge.client.event.TextureStitchEvent$Post to a broken mod state
[14:26:58] [Render thread/INFO]: Created: 256x256x4 minecraft:textures/atlas/chest.png-atlas
[14:26:58] [Render thread/ERROR]: Cowardly refusing to send event net.minecraftforge.client.event.TextureStitchEvent$Post to a broken mod state
[14:26:58] [Render thread/INFO]: Created: 128x64x4 minecraft:textures/atlas/decorated_pot.png-atlas
[14:26:58] [Render thread/ERROR]: Cowardly refusing to send event net.minecraftforge.client.event.TextureStitchEvent$Post to a broken mod state
[14:26:58] [Render thread/INFO]: Created: 512x256x4 minecraft:textures/atlas/shulker_boxes.png-atlas
[14:26:58] [Render thread/ERROR]: Cowardly refusing to send event net.minecraftforge.client.event.TextureStitchEvent$Post to a broken mod state
[14:26:58] [Render thread/INFO]: Created: 512x256x4 minecraft:textures/atlas/beds.png-atlas
[14:26:58] [Render thread/ERROR]: Cowardly refusing to send event net.minecraftforge.client.event.TextureStitchEvent$Post to a broken mod state
[14:26:58] [Render thread/ERROR]: Cowardly refusing to send event net.minecraftforge.client.event.ModelEvent$BakingCompleted to a broken mod state
[14:26:58] [Render thread/ERROR]: Cowardly refusing to send event net.minecraftforge.client.event.EntityRenderersEvent$CreateSkullModels to a broken mod state
[14:26:58] [Render thread/ERROR]: Cowardly refusing to send event net.minecraftforge.client.event.EntityRenderersEvent$CreateSkullModels to a broken mod state
[14:26:58] [Render thread/ERROR]: Cowardly refusing to send event net.minecraftforge.client.event.EntityRenderersEvent$CreateSkullModels to a broken mod state
[14:26:58] [Render thread/ERROR]: Cowardly refusing to send event net.minecraftforge.client.event.EntityRenderersEvent$CreateSkullModels to a broken mod state
[14:26:58] [Render thread/ERROR]: Cowardly refusing to send event net.minecraftforge.client.event.EntityRenderersEvent$CreateSkullModels to a broken mod state
[14:26:58] [Render thread/ERROR]: Cowardly refusing to send event net.minecraftforge.client.event.EntityRenderersEvent$CreateSkullModels to a broken mod state
[14:26:58] [Render thread/ERROR]: Cowardly refusing to send event net.minecraftforge.client.event.EntityRenderersEvent$CreateSkullModels to a broken mod state
[14:26:58] [Render thread/ERROR]: Cowardly refusing to send event net.minecraftforge.client.event.EntityRenderersEvent$CreateSkullModels to a broken mod state
[14:26:58] [Render thread/ERROR]: Cowardly refusing to send event net.minecraftforge.client.event.EntityRenderersEvent$CreateSkullModels to a broken mod state
[14:26:58] [Render thread/ERROR]: Cowardly refusing to send event net.minecraftforge.client.event.EntityRenderersEvent$CreateSkullModels to a broken mod state
[14:26:58] [Render thread/ERROR]: Cowardly refusing to send event net.minecraftforge.client.event.EntityRenderersEvent$CreateSkullModels to a broken mod state
[14:26:58] [Render thread/ERROR]: Cowardly refusing to send event net.minecraftforge.client.event.EntityRenderersEvent$CreateSkullModels to a broken mod state
[14:26:58] [Render thread/ERROR]: Cowardly refusing to send event net.minecraftforge.client.event.EntityRenderersEvent$CreateSkullModels to a broken mod state
[14:26:58] [Render thread/ERROR]: Cowardly refusing to send event net.minecraftforge.client.event.EntityRenderersEvent$CreateSkullModels to a broken mod state
[14:26:58] [Render thread/ERROR]: Cowardly refusing to send event net.minecraftforge.client.event.EntityRenderersEvent$CreateSkullModels to a broken mod state
[14:26:58] [Render thread/ERROR]: Cowardly refusing to send event net.minecraftforge.client.event.EntityRenderersEvent$CreateSkullModels to a broken mod state
[14:26:58] [Render thread/ERROR]: Cowardly refusing to send event net.minecraftforge.client.event.EntityRenderersEvent$CreateSkullModels to a broken mod state
[14:26:58] [Render thread/ERROR]: Cowardly refusing to send event net.minecraftforge.client.event.EntityRenderersEvent$CreateSkullModels to a broken mod state
[14:26:58] [Render thread/ERROR]: Cowardly refusing to send event net.minecraftforge.client.event.EntityRenderersEvent$CreateSkullModels to a broken mod state
[14:26:58] [Render thread/ERROR]: Cowardly refusing to send event net.minecraftforge.client.event.EntityRenderersEvent$CreateSkullModels to a broken mod state
[14:26:58] [Render thread/ERROR]: Cowardly refusing to send event net.minecraftforge.client.event.EntityRenderersEvent$CreateSkullModels to a broken mod state
[14:26:58] [Render thread/ERROR]: Cowardly refusing to send event net.minecraftforge.client.event.EntityRenderersEvent$AddLayers to a broken mod state
[14:26:58] [Render thread/WARN]: Shader rendertype_entity_translucent_emissive could not find sampler named Sampler2 in the specified shader program.
[14:26:58] [Render thread/ERROR]: Cowardly refusing to send event net.minecraftforge.client.event.RegisterShadersEvent to a broken mod state
[14:26:58] [Render thread/INFO]: Created: 256x256x0 minecraft:textures/atlas/particles.png-atlas
[14:26:58] [Render thread/ERROR]: Cowardly refusing to send event net.minecraftforge.client.event.TextureStitchEvent$Post to a broken mod state
[14:26:58] [Render thread/INFO]: Created: 256x256x0 minecraft:textures/atlas/paintings.png-atlas
[14:26:58] [Render thread/ERROR]: Cowardly refusing to send event net.minecraftforge.client.event.TextureStitchEvent$Post to a broken mod state
[14:26:58] [Render thread/INFO]: Created: 128x128x0 minecraft:textures/atlas/mob_effects.png-atlas
[14:26:58] [Render thread/ERROR]: Cowardly refusing to send event net.minecraftforge.client.event.TextureStitchEvent$Post to a broken mod state
[14:26:58] [Render thread/FATAL]: Crash report saved to C:\Users\arifv\curseforge\minecraft\Instances\1.20.1 v2\crash-reports\crash-2024-07-23_14.26.58-fml.txt
[14:27:10] [Render thread/INFO]: Stopping!
